[main] INFO  admin  - 
Menu
[main] INFO  admin  - Please Enter 1 to Admin
[main] INFO  admin  - Please Enter 1 to add flight details
[main] INFO  admin  - Please Enter 2 to add ticket details
[main] INFO  admin  - Please Enter 3 to update ticket price
[main] INFO  admin  - Please Enter 4 to show all flights info
[main] INFO  admin  - Flight details

[main] INFO  admin  - 44	Hutch	jsp	qsp	10:30:00	12:00:00	111	Airline	Bengaluru	delhi	12:09:09	10:00:00	222	Indian Airlines	London	New York	12:09:09	02:10:05	333	Davaskar	Mumbai	Pune	12:05:00	01:15:00	555	Kingfisher	bengaluru	mysore	12:02:10	14:02:10	564	Spice	Japan	China	12:00:00	02:00:00	777	Dove	kolkatta	london	16:00:00	12:00:00	
[main] INFO  admin  - Welcome to Davaskar Airlines...
[main] INFO  admin  - 
Menu
[main] INFO  admin  - Please Enter 1 to Admin
[main] INFO  admin  - Please Enter 1 to add flight details
[main] INFO  admin  - Please Enter 2 to add ticket details
[main] INFO  admin  - Please Enter 3 to update ticket price
[main] INFO  admin  - Please Enter 4 to show all flights info
[main] INFO  admin  - Please Enter valid option
[main] INFO  admin  - Please Enter 1 to add flight details
[main] INFO  admin  - Please Enter 2 to add ticket details
[main] INFO  admin  - Please Enter 3 to update ticket price
[main] INFO  admin  - Please Enter 4 to show all flights info
[main] INFO  admin  - Welcome to Davaskar Airlines...
[main] INFO  admin  - 
Menu
[main] INFO  admin  - Please Enter 1 to Admin
[main] INFO  admin  - Welcome to Davaskar Airlines...
[main] INFO  admin  - 
Menu
[main] INFO  admin  - Please Enter 1 to Admin
[main] INFO  admin  - Please Enter 1 to add flight details
[main] INFO  admin  - Please Enter 2 to add ticket details
[main] INFO  admin  - Please Enter 3 to update ticket price
[main] INFO  admin  - Please Enter 4 to show all flights info
[main] INFO  admin  - Flight details

[main] INFO  admin  - Welcome to Davaskar Airlines...
[main] INFO  admin  - 
Menu
[main] INFO  admin  - Please Enter 1 to Admin
[main] INFO  admin  - Please Enter 1 to add flight details
[main] INFO  admin  - Please Enter 2 to add ticket details
[main] INFO  admin  - Please Enter 3 to update ticket price
[main] INFO  admin  - Please Enter 4 to show all flights info
[main] INFO  admin  - Flight details

[main] INFO  admin  - 44	Hutch	jsp	qsp	10:30:00	12:00:00	
	111	Airline	Bengaluru	delhi	12:09:09	10:00:00	
	222	Indian Airlines	London	New York	12:09:09	02:10:05	
	333	Davaskar	Mumbai	Pune	12:05:00	01:15:00	
	555	Kingfisher	bengaluru	mysore	12:02:10	14:02:10	
	564	Spice	Japan	China	12:00:00	02:00:00	
	777	Dove	kolkatta	london	16:00:00	12:00:00	
	
[main] INFO  admin  - Welcome to Davaskar Airlines...
[main] INFO  admin  - 
Menu
[main] INFO  admin  - Please Enter 1 to Admin
[main] INFO  admin  - Please Enter 1 to add flight details
[main] INFO  admin  - Please Enter 2 to add ticket details
[main] INFO  admin  - Please Enter 3 to update ticket price
[main] INFO  admin  - Please Enter 4 to show all flights info
[main] INFO  admin  - Flight details

[main] INFO  admin  - 		44	Hutch	jsp	qsp	10:30:00	12:00:00	
	111	Airline	Bengaluru	delhi	12:09:09	10:00:00	
	222	Indian Airlines	London	New York	12:09:09	02:10:05	
	333	Davaskar	Mumbai	Pune	12:05:00	01:15:00	
	555	Kingfisher	bengaluru	mysore	12:02:10	14:02:10	
	564	Spice	Japan	China	12:00:00	02:00:00	
	777	Dove	kolkatta	london	16:00:00	12:00:00	
	
[main] INFO  admin  - Welcome to Davaskar Airlines...
[main] INFO  admin  - 
Menu
[main] INFO  admin  - Please Enter 1 to Admin
[main] INFO  admin  - Please Enter 1 to add flight details
[main] INFO  admin  - Please Enter 2 to add ticket details
[main] INFO  admin  - Please Enter 3 to update ticket price
[main] INFO  admin  - Please Enter 4 to show all flights info
[main] INFO  admin  - Flight details

[main] INFO  admin  - 				44	Hutch	jsp	qsp	10:30:00	12:00:00	
			111	Airline	Bengaluru	delhi	12:09:09	10:00:00	
			222	Indian Airlines	London	New York	12:09:09	02:10:05	
			333	Davaskar	Mumbai	Pune	12:05:00	01:15:00	
			555	Kingfisher	bengaluru	mysore	12:02:10	14:02:10	
			564	Spice	Japan	China	12:00:00	02:00:00	
			777	Dove	kolkatta	london	16:00:00	12:00:00	
	
[main] INFO  admin  - Welcome to Davaskar Airlines...
[main] INFO  admin  - 
Menu
[main] INFO  admin  - Please Enter 1 to Admin
[main] INFO  admin  - Please Enter 1 to add flight details
[main] INFO  admin  - Please Enter 2 to add ticket details
[main] INFO  admin  - Please Enter 3 to update ticket price
[main] INFO  admin  - Please Enter 4 to show all flights info
[main] INFO  admin  - Flight details

[main] INFO  admin  - 		44	Hutch	jsp	qsp	10:30:00	12:00:00	
	111	Airline	Bengaluru	delhi	12:09:09	10:00:00	
	222	Indian Airlines	London	New York	12:09:09	02:10:05	
	333	Davaskar	Mumbai	Pune	12:05:00	01:15:00	
	555	Kingfisher	bengaluru	mysore	12:02:10	14:02:10	
	564	Spice	Japan	China	12:00:00	02:00:00	
	777	Dove	kolkatta	london	16:00:00	12:00:00	
	
[main] INFO  admin  - Welcome to Davaskar Airlines...
[main] INFO  admin  - 
Menu
[main] INFO  admin  - Please Enter 1 to Admin
[main] INFO  admin  - Please Enter 1 to add flight details
[main] INFO  admin  - Please Enter 2 to add ticket details
[main] INFO  admin  - Please Enter 3 to update ticket price
[main] INFO  admin  - Please Enter 4 to show all flights info
[main] INFO  admin  - Flight details

[main] INFO  admin  - 		44	Hutch	jsp	qsp	10:30:00	12:00:00	
	111	Airline	Bengaluru	delhi	12:09:09	10:00:00	
	222	Indian Airlines	London	New York	12:09:09	02:10:05	
	333	Davaskar	Mumbai	Pune	12:05:00	01:15:00	
	555	Kingfisher	bengaluru	mysore	12:02:10	14:02:10	
	564	Spice	Japan	China	12:00:00	02:00:00	
	777	Dove	kolkatta	london	16:00:00	12:00:00	
	
[main] INFO  admin  - Welcome to Davaskar Airlines...
[main] INFO  admin  - 
Menu
[main] INFO  admin  - Please Enter 1 to Admin
[main] INFO  admin  - Please Enter 1 to add flight details
[main] INFO  admin  - Please Enter 2 to add ticket details
[main] INFO  admin  - Please Enter 3 to update ticket price
[main] INFO  admin  - Please Enter 4 to show all flights info
[main] INFO  admin  - Flight details

[main] INFO  admin  - [	, 44, Hutch, jsp, qsp, 10:30:00, 12:00:00, 
, 111, Airline, Bengaluru, delhi, 12:09:09, 10:00:00, 
, 222, Indian Airlines, London, New York, 12:09:09, 02:10:05, 
, 333, Davaskar, Mumbai, Pune, 12:05:00, 01:15:00, 
, 555, Kingfisher, bengaluru, mysore, 12:02:10, 14:02:10, 
, 564, Spice, Japan, China, 12:00:00, 02:00:00, 
, 777, Dove, kolkatta, london, 16:00:00, 12:00:00, 
]
[main] INFO  admin  - [	, 44, Hutch, jsp, qsp, 10:30:00, 12:00:00, 
, 111, Airline, Bengaluru, delhi, 12:09:09, 10:00:00, 
, 222, Indian Airlines, London, New York, 12:09:09, 02:10:05, 
, 333, Davaskar, Mumbai, Pune, 12:05:00, 01:15:00, 
, 555, Kingfisher, bengaluru, mysore, 12:02:10, 14:02:10, 
, 564, Spice, Japan, China, 12:00:00, 02:00:00, 
, 777, Dove, kolkatta, london, 16:00:00, 12:00:00, 
]
[main] INFO  admin  - [	, 44, Hutch, jsp, qsp, 10:30:00, 12:00:00, 
, 111, Airline, Bengaluru, delhi, 12:09:09, 10:00:00, 
, 222, Indian Airlines, London, New York, 12:09:09, 02:10:05, 
, 333, Davaskar, Mumbai, Pune, 12:05:00, 01:15:00, 
, 555, Kingfisher, bengaluru, mysore, 12:02:10, 14:02:10, 
, 564, Spice, Japan, China, 12:00:00, 02:00:00, 
, 777, Dove, kolkatta, london, 16:00:00, 12:00:00, 
]
[main] INFO  admin  - [	, 44, Hutch, jsp, qsp, 10:30:00, 12:00:00, 
, 111, Airline, Bengaluru, delhi, 12:09:09, 10:00:00, 
, 222, Indian Airlines, London, New York, 12:09:09, 02:10:05, 
, 333, Davaskar, Mumbai, Pune, 12:05:00, 01:15:00, 
, 555, Kingfisher, bengaluru, mysore, 12:02:10, 14:02:10, 
, 564, Spice, Japan, China, 12:00:00, 02:00:00, 
, 777, Dove, kolkatta, london, 16:00:00, 12:00:00, 
]
[main] INFO  admin  - [	, 44, Hutch, jsp, qsp, 10:30:00, 12:00:00, 
, 111, Airline, Bengaluru, delhi, 12:09:09, 10:00:00, 
, 222, Indian Airlines, London, New York, 12:09:09, 02:10:05, 
, 333, Davaskar, Mumbai, Pune, 12:05:00, 01:15:00, 
, 555, Kingfisher, bengaluru, mysore, 12:02:10, 14:02:10, 
, 564, Spice, Japan, China, 12:00:00, 02:00:00, 
, 777, Dove, kolkatta, london, 16:00:00, 12:00:00, 
]
[main] INFO  admin  - [	, 44, Hutch, jsp, qsp, 10:30:00, 12:00:00, 
, 111, Airline, Bengaluru, delhi, 12:09:09, 10:00:00, 
, 222, Indian Airlines, London, New York, 12:09:09, 02:10:05, 
, 333, Davaskar, Mumbai, Pune, 12:05:00, 01:15:00, 
, 555, Kingfisher, bengaluru, mysore, 12:02:10, 14:02:10, 
, 564, Spice, Japan, China, 12:00:00, 02:00:00, 
, 777, Dove, kolkatta, london, 16:00:00, 12:00:00, 
]
[main] INFO  admin  - [	, 44, Hutch, jsp, qsp, 10:30:00, 12:00:00, 
, 111, Airline, Bengaluru, delhi, 12:09:09, 10:00:00, 
, 222, Indian Airlines, London, New York, 12:09:09, 02:10:05, 
, 333, Davaskar, Mumbai, Pune, 12:05:00, 01:15:00, 
, 555, Kingfisher, bengaluru, mysore, 12:02:10, 14:02:10, 
, 564, Spice, Japan, China, 12:00:00, 02:00:00, 
, 777, Dove, kolkatta, london, 16:00:00, 12:00:00, 
]
[main] INFO  admin  - [	, 44, Hutch, jsp, qsp, 10:30:00, 12:00:00, 
, 111, Airline, Bengaluru, delhi, 12:09:09, 10:00:00, 
, 222, Indian Airlines, London, New York, 12:09:09, 02:10:05, 
, 333, Davaskar, Mumbai, Pune, 12:05:00, 01:15:00, 
, 555, Kingfisher, bengaluru, mysore, 12:02:10, 14:02:10, 
, 564, Spice, Japan, China, 12:00:00, 02:00:00, 
, 777, Dove, kolkatta, london, 16:00:00, 12:00:00, 
]
[main] INFO  admin  - [	, 44, Hutch, jsp, qsp, 10:30:00, 12:00:00, 
, 111, Airline, Bengaluru, delhi, 12:09:09, 10:00:00, 
, 222, Indian Airlines, London, New York, 12:09:09, 02:10:05, 
, 333, Davaskar, Mumbai, Pune, 12:05:00, 01:15:00, 
, 555, Kingfisher, bengaluru, mysore, 12:02:10, 14:02:10, 
, 564, Spice, Japan, China, 12:00:00, 02:00:00, 
, 777, Dove, kolkatta, london, 16:00:00, 12:00:00, 
]
[main] INFO  admin  - [	, 44, Hutch, jsp, qsp, 10:30:00, 12:00:00, 
, 111, Airline, Bengaluru, delhi, 12:09:09, 10:00:00, 
, 222, Indian Airlines, London, New York, 12:09:09, 02:10:05, 
, 333, Davaskar, Mumbai, Pune, 12:05:00, 01:15:00, 
, 555, Kingfisher, bengaluru, mysore, 12:02:10, 14:02:10, 
, 564, Spice, Japan, China, 12:00:00, 02:00:00, 
, 777, Dove, kolkatta, london, 16:00:00, 12:00:00, 
]
[main] INFO  admin  - [	, 44, Hutch, jsp, qsp, 10:30:00, 12:00:00, 
, 111, Airline, Bengaluru, delhi, 12:09:09, 10:00:00, 
, 222, Indian Airlines, London, New York, 12:09:09, 02:10:05, 
, 333, Davaskar, Mumbai, Pune, 12:05:00, 01:15:00, 
, 555, Kingfisher, bengaluru, mysore, 12:02:10, 14:02:10, 
, 564, Spice, Japan, China, 12:00:00, 02:00:00, 
, 777, Dove, kolkatta, london, 16:00:00, 12:00:00, 
]
[main] INFO  admin  - [	, 44, Hutch, jsp, qsp, 10:30:00, 12:00:00, 
, 111, Airline, Bengaluru, delhi, 12:09:09, 10:00:00, 
, 222, Indian Airlines, London, New York, 12:09:09, 02:10:05, 
, 333, Davaskar, Mumbai, Pune, 12:05:00, 01:15:00, 
, 555, Kingfisher, bengaluru, mysore, 12:02:10, 14:02:10, 
, 564, Spice, Japan, China, 12:00:00, 02:00:00, 
, 777, Dove, kolkatta, london, 16:00:00, 12:00:00, 
]
[main] INFO  admin  - [	, 44, Hutch, jsp, qsp, 10:30:00, 12:00:00, 
, 111, Airline, Bengaluru, delhi, 12:09:09, 10:00:00, 
, 222, Indian Airlines, London, New York, 12:09:09, 02:10:05, 
, 333, Davaskar, Mumbai, Pune, 12:05:00, 01:15:00, 
, 555, Kingfisher, bengaluru, mysore, 12:02:10, 14:02:10, 
, 564, Spice, Japan, China, 12:00:00, 02:00:00, 
, 777, Dove, kolkatta, london, 16:00:00, 12:00:00, 
]
[main] INFO  admin  - [	, 44, Hutch, jsp, qsp, 10:30:00, 12:00:00, 
, 111, Airline, Bengaluru, delhi, 12:09:09, 10:00:00, 
, 222, Indian Airlines, London, New York, 12:09:09, 02:10:05, 
, 333, Davaskar, Mumbai, Pune, 12:05:00, 01:15:00, 
, 555, Kingfisher, bengaluru, mysore, 12:02:10, 14:02:10, 
, 564, Spice, Japan, China, 12:00:00, 02:00:00, 
, 777, Dove, kolkatta, london, 16:00:00, 12:00:00, 
]
[main] INFO  admin  - [	, 44, Hutch, jsp, qsp, 10:30:00, 12:00:00, 
, 111, Airline, Bengaluru, delhi, 12:09:09, 10:00:00, 
, 222, Indian Airlines, London, New York, 12:09:09, 02:10:05, 
, 333, Davaskar, Mumbai, Pune, 12:05:00, 01:15:00, 
, 555, Kingfisher, bengaluru, mysore, 12:02:10, 14:02:10, 
, 564, Spice, Japan, China, 12:00:00, 02:00:00, 
, 777, Dove, kolkatta, london, 16:00:00, 12:00:00, 
]
[main] INFO  admin  - [	, 44, Hutch, jsp, qsp, 10:30:00, 12:00:00, 
, 111, Airline, Bengaluru, delhi, 12:09:09, 10:00:00, 
, 222, Indian Airlines, London, New York, 12:09:09, 02:10:05, 
, 333, Davaskar, Mumbai, Pune, 12:05:00, 01:15:00, 
, 555, Kingfisher, bengaluru, mysore, 12:02:10, 14:02:10, 
, 564, Spice, Japan, China, 12:00:00, 02:00:00, 
, 777, Dove, kolkatta, london, 16:00:00, 12:00:00, 
]
[main] INFO  admin  - [	, 44, Hutch, jsp, qsp, 10:30:00, 12:00:00, 
, 111, Airline, Bengaluru, delhi, 12:09:09, 10:00:00, 
, 222, Indian Airlines, London, New York, 12:09:09, 02:10:05, 
, 333, Davaskar, Mumbai, Pune, 12:05:00, 01:15:00, 
, 555, Kingfisher, bengaluru, mysore, 12:02:10, 14:02:10, 
, 564, Spice, Japan, China, 12:00:00, 02:00:00, 
, 777, Dove, kolkatta, london, 16:00:00, 12:00:00, 
]
[main] INFO  admin  - [	, 44, Hutch, jsp, qsp, 10:30:00, 12:00:00, 
, 111, Airline, Bengaluru, delhi, 12:09:09, 10:00:00, 
, 222, Indian Airlines, London, New York, 12:09:09, 02:10:05, 
, 333, Davaskar, Mumbai, Pune, 12:05:00, 01:15:00, 
, 555, Kingfisher, bengaluru, mysore, 12:02:10, 14:02:10, 
, 564, Spice, Japan, China, 12:00:00, 02:00:00, 
, 777, Dove, kolkatta, london, 16:00:00, 12:00:00, 
]
[main] INFO  admin  - [	, 44, Hutch, jsp, qsp, 10:30:00, 12:00:00, 
, 111, Airline, Bengaluru, delhi, 12:09:09, 10:00:00, 
, 222, Indian Airlines, London, New York, 12:09:09, 02:10:05, 
, 333, Davaskar, Mumbai, Pune, 12:05:00, 01:15:00, 
, 555, Kingfisher, bengaluru, mysore, 12:02:10, 14:02:10, 
, 564, Spice, Japan, China, 12:00:00, 02:00:00, 
, 777, Dove, kolkatta, london, 16:00:00, 12:00:00, 
]
[main] INFO  admin  - [	, 44, Hutch, jsp, qsp, 10:30:00, 12:00:00, 
, 111, Airline, Bengaluru, delhi, 12:09:09, 10:00:00, 
, 222, Indian Airlines, London, New York, 12:09:09, 02:10:05, 
, 333, Davaskar, Mumbai, Pune, 12:05:00, 01:15:00, 
, 555, Kingfisher, bengaluru, mysore, 12:02:10, 14:02:10, 
, 564, Spice, Japan, China, 12:00:00, 02:00:00, 
, 777, Dove, kolkatta, london, 16:00:00, 12:00:00, 
]
[main] INFO  admin  - [	, 44, Hutch, jsp, qsp, 10:30:00, 12:00:00, 
, 111, Airline, Bengaluru, delhi, 12:09:09, 10:00:00, 
, 222, Indian Airlines, London, New York, 12:09:09, 02:10:05, 
, 333, Davaskar, Mumbai, Pune, 12:05:00, 01:15:00, 
, 555, Kingfisher, bengaluru, mysore, 12:02:10, 14:02:10, 
, 564, Spice, Japan, China, 12:00:00, 02:00:00, 
, 777, Dove, kolkatta, london, 16:00:00, 12:00:00, 
]
[main] INFO  admin  - [	, 44, Hutch, jsp, qsp, 10:30:00, 12:00:00, 
, 111, Airline, Bengaluru, delhi, 12:09:09, 10:00:00, 
, 222, Indian Airlines, London, New York, 12:09:09, 02:10:05, 
, 333, Davaskar, Mumbai, Pune, 12:05:00, 01:15:00, 
, 555, Kingfisher, bengaluru, mysore, 12:02:10, 14:02:10, 
, 564, Spice, Japan, China, 12:00:00, 02:00:00, 
, 777, Dove, kolkatta, london, 16:00:00, 12:00:00, 
]
[main] INFO  admin  - [	, 44, Hutch, jsp, qsp, 10:30:00, 12:00:00, 
, 111, Airline, Bengaluru, delhi, 12:09:09, 10:00:00, 
, 222, Indian Airlines, London, New York, 12:09:09, 02:10:05, 
, 333, Davaskar, Mumbai, Pune, 12:05:00, 01:15:00, 
, 555, Kingfisher, bengaluru, mysore, 12:02:10, 14:02:10, 
, 564, Spice, Japan, China, 12:00:00, 02:00:00, 
, 777, Dove, kolkatta, london, 16:00:00, 12:00:00, 
]
[main] INFO  admin  - [	, 44, Hutch, jsp, qsp, 10:30:00, 12:00:00, 
, 111, Airline, Bengaluru, delhi, 12:09:09, 10:00:00, 
, 222, Indian Airlines, London, New York, 12:09:09, 02:10:05, 
, 333, Davaskar, Mumbai, Pune, 12:05:00, 01:15:00, 
, 555, Kingfisher, bengaluru, mysore, 12:02:10, 14:02:10, 
, 564, Spice, Japan, China, 12:00:00, 02:00:00, 
, 777, Dove, kolkatta, london, 16:00:00, 12:00:00, 
]
[main] INFO  admin  - [	, 44, Hutch, jsp, qsp, 10:30:00, 12:00:00, 
, 111, Airline, Bengaluru, delhi, 12:09:09, 10:00:00, 
, 222, Indian Airlines, London, New York, 12:09:09, 02:10:05, 
, 333, Davaskar, Mumbai, Pune, 12:05:00, 01:15:00, 
, 555, Kingfisher, bengaluru, mysore, 12:02:10, 14:02:10, 
, 564, Spice, Japan, China, 12:00:00, 02:00:00, 
, 777, Dove, kolkatta, london, 16:00:00, 12:00:00, 
]
[main] INFO  admin  - [	, 44, Hutch, jsp, qsp, 10:30:00, 12:00:00, 
, 111, Airline, Bengaluru, delhi, 12:09:09, 10:00:00, 
, 222, Indian Airlines, London, New York, 12:09:09, 02:10:05, 
, 333, Davaskar, Mumbai, Pune, 12:05:00, 01:15:00, 
, 555, Kingfisher, bengaluru, mysore, 12:02:10, 14:02:10, 
, 564, Spice, Japan, China, 12:00:00, 02:00:00, 
, 777, Dove, kolkatta, london, 16:00:00, 12:00:00, 
]
[main] INFO  admin  - [	, 44, Hutch, jsp, qsp, 10:30:00, 12:00:00, 
, 111, Airline, Bengaluru, delhi, 12:09:09, 10:00:00, 
, 222, Indian Airlines, London, New York, 12:09:09, 02:10:05, 
, 333, Davaskar, Mumbai, Pune, 12:05:00, 01:15:00, 
, 555, Kingfisher, bengaluru, mysore, 12:02:10, 14:02:10, 
, 564, Spice, Japan, China, 12:00:00, 02:00:00, 
, 777, Dove, kolkatta, london, 16:00:00, 12:00:00, 
]
[main] INFO  admin  - [	, 44, Hutch, jsp, qsp, 10:30:00, 12:00:00, 
, 111, Airline, Bengaluru, delhi, 12:09:09, 10:00:00, 
, 222, Indian Airlines, London, New York, 12:09:09, 02:10:05, 
, 333, Davaskar, Mumbai, Pune, 12:05:00, 01:15:00, 
, 555, Kingfisher, bengaluru, mysore, 12:02:10, 14:02:10, 
, 564, Spice, Japan, China, 12:00:00, 02:00:00, 
, 777, Dove, kolkatta, london, 16:00:00, 12:00:00, 
]
[main] INFO  admin  - [	, 44, Hutch, jsp, qsp, 10:30:00, 12:00:00, 
, 111, Airline, Bengaluru, delhi, 12:09:09, 10:00:00, 
, 222, Indian Airlines, London, New York, 12:09:09, 02:10:05, 
, 333, Davaskar, Mumbai, Pune, 12:05:00, 01:15:00, 
, 555, Kingfisher, bengaluru, mysore, 12:02:10, 14:02:10, 
, 564, Spice, Japan, China, 12:00:00, 02:00:00, 
, 777, Dove, kolkatta, london, 16:00:00, 12:00:00, 
]
[main] INFO  admin  - [	, 44, Hutch, jsp, qsp, 10:30:00, 12:00:00, 
, 111, Airline, Bengaluru, delhi, 12:09:09, 10:00:00, 
, 222, Indian Airlines, London, New York, 12:09:09, 02:10:05, 
, 333, Davaskar, Mumbai, Pune, 12:05:00, 01:15:00, 
, 555, Kingfisher, bengaluru, mysore, 12:02:10, 14:02:10, 
, 564, Spice, Japan, China, 12:00:00, 02:00:00, 
, 777, Dove, kolkatta, london, 16:00:00, 12:00:00, 
]
[main] INFO  admin  - [	, 44, Hutch, jsp, qsp, 10:30:00, 12:00:00, 
, 111, Airline, Bengaluru, delhi, 12:09:09, 10:00:00, 
, 222, Indian Airlines, London, New York, 12:09:09, 02:10:05, 
, 333, Davaskar, Mumbai, Pune, 12:05:00, 01:15:00, 
, 555, Kingfisher, bengaluru, mysore, 12:02:10, 14:02:10, 
, 564, Spice, Japan, China, 12:00:00, 02:00:00, 
, 777, Dove, kolkatta, london, 16:00:00, 12:00:00, 
]
[main] INFO  admin  - [	, 44, Hutch, jsp, qsp, 10:30:00, 12:00:00, 
, 111, Airline, Bengaluru, delhi, 12:09:09, 10:00:00, 
, 222, Indian Airlines, London, New York, 12:09:09, 02:10:05, 
, 333, Davaskar, Mumbai, Pune, 12:05:00, 01:15:00, 
, 555, Kingfisher, bengaluru, mysore, 12:02:10, 14:02:10, 
, 564, Spice, Japan, China, 12:00:00, 02:00:00, 
, 777, Dove, kolkatta, london, 16:00:00, 12:00:00, 
]
[main] INFO  admin  - [	, 44, Hutch, jsp, qsp, 10:30:00, 12:00:00, 
, 111, Airline, Bengaluru, delhi, 12:09:09, 10:00:00, 
, 222, Indian Airlines, London, New York, 12:09:09, 02:10:05, 
, 333, Davaskar, Mumbai, Pune, 12:05:00, 01:15:00, 
, 555, Kingfisher, bengaluru, mysore, 12:02:10, 14:02:10, 
, 564, Spice, Japan, China, 12:00:00, 02:00:00, 
, 777, Dove, kolkatta, london, 16:00:00, 12:00:00, 
]
[main] INFO  admin  - [	, 44, Hutch, jsp, qsp, 10:30:00, 12:00:00, 
, 111, Airline, Bengaluru, delhi, 12:09:09, 10:00:00, 
, 222, Indian Airlines, London, New York, 12:09:09, 02:10:05, 
, 333, Davaskar, Mumbai, Pune, 12:05:00, 01:15:00, 
, 555, Kingfisher, bengaluru, mysore, 12:02:10, 14:02:10, 
, 564, Spice, Japan, China, 12:00:00, 02:00:00, 
, 777, Dove, kolkatta, london, 16:00:00, 12:00:00, 
]
[main] INFO  admin  - [	, 44, Hutch, jsp, qsp, 10:30:00, 12:00:00, 
, 111, Airline, Bengaluru, delhi, 12:09:09, 10:00:00, 
, 222, Indian Airlines, London, New York, 12:09:09, 02:10:05, 
, 333, Davaskar, Mumbai, Pune, 12:05:00, 01:15:00, 
, 555, Kingfisher, bengaluru, mysore, 12:02:10, 14:02:10, 
, 564, Spice, Japan, China, 12:00:00, 02:00:00, 
, 777, Dove, kolkatta, london, 16:00:00, 12:00:00, 
]
[main] INFO  admin  - [	, 44, Hutch, jsp, qsp, 10:30:00, 12:00:00, 
, 111, Airline, Bengaluru, delhi, 12:09:09, 10:00:00, 
, 222, Indian Airlines, London, New York, 12:09:09, 02:10:05, 
, 333, Davaskar, Mumbai, Pune, 12:05:00, 01:15:00, 
, 555, Kingfisher, bengaluru, mysore, 12:02:10, 14:02:10, 
, 564, Spice, Japan, China, 12:00:00, 02:00:00, 
, 777, Dove, kolkatta, london, 16:00:00, 12:00:00, 
]
[main] INFO  admin  - [	, 44, Hutch, jsp, qsp, 10:30:00, 12:00:00, 
, 111, Airline, Bengaluru, delhi, 12:09:09, 10:00:00, 
, 222, Indian Airlines, London, New York, 12:09:09, 02:10:05, 
, 333, Davaskar, Mumbai, Pune, 12:05:00, 01:15:00, 
, 555, Kingfisher, bengaluru, mysore, 12:02:10, 14:02:10, 
, 564, Spice, Japan, China, 12:00:00, 02:00:00, 
, 777, Dove, kolkatta, london, 16:00:00, 12:00:00, 
]
[main] INFO  admin  - [	, 44, Hutch, jsp, qsp, 10:30:00, 12:00:00, 
, 111, Airline, Bengaluru, delhi, 12:09:09, 10:00:00, 
, 222, Indian Airlines, London, New York, 12:09:09, 02:10:05, 
, 333, Davaskar, Mumbai, Pune, 12:05:00, 01:15:00, 
, 555, Kingfisher, bengaluru, mysore, 12:02:10, 14:02:10, 
, 564, Spice, Japan, China, 12:00:00, 02:00:00, 
, 777, Dove, kolkatta, london, 16:00:00, 12:00:00, 
]
[main] INFO  admin  - [	, 44, Hutch, jsp, qsp, 10:30:00, 12:00:00, 
, 111, Airline, Bengaluru, delhi, 12:09:09, 10:00:00, 
, 222, Indian Airlines, London, New York, 12:09:09, 02:10:05, 
, 333, Davaskar, Mumbai, Pune, 12:05:00, 01:15:00, 
, 555, Kingfisher, bengaluru, mysore, 12:02:10, 14:02:10, 
, 564, Spice, Japan, China, 12:00:00, 02:00:00, 
, 777, Dove, kolkatta, london, 16:00:00, 12:00:00, 
]
[main] INFO  admin  - [	, 44, Hutch, jsp, qsp, 10:30:00, 12:00:00, 
, 111, Airline, Bengaluru, delhi, 12:09:09, 10:00:00, 
, 222, Indian Airlines, London, New York, 12:09:09, 02:10:05, 
, 333, Davaskar, Mumbai, Pune, 12:05:00, 01:15:00, 
, 555, Kingfisher, bengaluru, mysore, 12:02:10, 14:02:10, 
, 564, Spice, Japan, China, 12:00:00, 02:00:00, 
, 777, Dove, kolkatta, london, 16:00:00, 12:00:00, 
]
[main] INFO  admin  - [	, 44, Hutch, jsp, qsp, 10:30:00, 12:00:00, 
, 111, Airline, Bengaluru, delhi, 12:09:09, 10:00:00, 
, 222, Indian Airlines, London, New York, 12:09:09, 02:10:05, 
, 333, Davaskar, Mumbai, Pune, 12:05:00, 01:15:00, 
, 555, Kingfisher, bengaluru, mysore, 12:02:10, 14:02:10, 
, 564, Spice, Japan, China, 12:00:00, 02:00:00, 
, 777, Dove, kolkatta, london, 16:00:00, 12:00:00, 
]
[main] INFO  admin  - [	, 44, Hutch, jsp, qsp, 10:30:00, 12:00:00, 
, 111, Airline, Bengaluru, delhi, 12:09:09, 10:00:00, 
, 222, Indian Airlines, London, New York, 12:09:09, 02:10:05, 
, 333, Davaskar, Mumbai, Pune, 12:05:00, 01:15:00, 
, 555, Kingfisher, bengaluru, mysore, 12:02:10, 14:02:10, 
, 564, Spice, Japan, China, 12:00:00, 02:00:00, 
, 777, Dove, kolkatta, london, 16:00:00, 12:00:00, 
]
[main] INFO  admin  - [	, 44, Hutch, jsp, qsp, 10:30:00, 12:00:00, 
, 111, Airline, Bengaluru, delhi, 12:09:09, 10:00:00, 
, 222, Indian Airlines, London, New York, 12:09:09, 02:10:05, 
, 333, Davaskar, Mumbai, Pune, 12:05:00, 01:15:00, 
, 555, Kingfisher, bengaluru, mysore, 12:02:10, 14:02:10, 
, 564, Spice, Japan, China, 12:00:00, 02:00:00, 
, 777, Dove, kolkatta, london, 16:00:00, 12:00:00, 
]
[main] INFO  admin  - [	, 44, Hutch, jsp, qsp, 10:30:00, 12:00:00, 
, 111, Airline, Bengaluru, delhi, 12:09:09, 10:00:00, 
, 222, Indian Airlines, London, New York, 12:09:09, 02:10:05, 
, 333, Davaskar, Mumbai, Pune, 12:05:00, 01:15:00, 
, 555, Kingfisher, bengaluru, mysore, 12:02:10, 14:02:10, 
, 564, Spice, Japan, China, 12:00:00, 02:00:00, 
, 777, Dove, kolkatta, london, 16:00:00, 12:00:00, 
]
[main] INFO  admin  - [	, 44, Hutch, jsp, qsp, 10:30:00, 12:00:00, 
, 111, Airline, Bengaluru, delhi, 12:09:09, 10:00:00, 
, 222, Indian Airlines, London, New York, 12:09:09, 02:10:05, 
, 333, Davaskar, Mumbai, Pune, 12:05:00, 01:15:00, 
, 555, Kingfisher, bengaluru, mysore, 12:02:10, 14:02:10, 
, 564, Spice, Japan, China, 12:00:00, 02:00:00, 
, 777, Dove, kolkatta, london, 16:00:00, 12:00:00, 
]
[main] INFO  admin  - [	, 44, Hutch, jsp, qsp, 10:30:00, 12:00:00, 
, 111, Airline, Bengaluru, delhi, 12:09:09, 10:00:00, 
, 222, Indian Airlines, London, New York, 12:09:09, 02:10:05, 
, 333, Davaskar, Mumbai, Pune, 12:05:00, 01:15:00, 
, 555, Kingfisher, bengaluru, mysore, 12:02:10, 14:02:10, 
, 564, Spice, Japan, China, 12:00:00, 02:00:00, 
, 777, Dove, kolkatta, london, 16:00:00, 12:00:00, 
]
[main] INFO  admin  - [	, 44, Hutch, jsp, qsp, 10:30:00, 12:00:00, 
, 111, Airline, Bengaluru, delhi, 12:09:09, 10:00:00, 
, 222, Indian Airlines, London, New York, 12:09:09, 02:10:05, 
, 333, Davaskar, Mumbai, Pune, 12:05:00, 01:15:00, 
, 555, Kingfisher, bengaluru, mysore, 12:02:10, 14:02:10, 
, 564, Spice, Japan, China, 12:00:00, 02:00:00, 
, 777, Dove, kolkatta, london, 16:00:00, 12:00:00, 
]
[main] INFO  admin  - [	, 44, Hutch, jsp, qsp, 10:30:00, 12:00:00, 
, 111, Airline, Bengaluru, delhi, 12:09:09, 10:00:00, 
, 222, Indian Airlines, London, New York, 12:09:09, 02:10:05, 
, 333, Davaskar, Mumbai, Pune, 12:05:00, 01:15:00, 
, 555, Kingfisher, bengaluru, mysore, 12:02:10, 14:02:10, 
, 564, Spice, Japan, China, 12:00:00, 02:00:00, 
, 777, Dove, kolkatta, london, 16:00:00, 12:00:00, 
]
[main] INFO  admin  - [	, 44, Hutch, jsp, qsp, 10:30:00, 12:00:00, 
, 111, Airline, Bengaluru, delhi, 12:09:09, 10:00:00, 
, 222, Indian Airlines, London, New York, 12:09:09, 02:10:05, 
, 333, Davaskar, Mumbai, Pune, 12:05:00, 01:15:00, 
, 555, Kingfisher, bengaluru, mysore, 12:02:10, 14:02:10, 
, 564, Spice, Japan, China, 12:00:00, 02:00:00, 
, 777, Dove, kolkatta, london, 16:00:00, 12:00:00, 
]
[main] INFO  admin  - [	, 44, Hutch, jsp, qsp, 10:30:00, 12:00:00, 
, 111, Airline, Bengaluru, delhi, 12:09:09, 10:00:00, 
, 222, Indian Airlines, London, New York, 12:09:09, 02:10:05, 
, 333, Davaskar, Mumbai, Pune, 12:05:00, 01:15:00, 
, 555, Kingfisher, bengaluru, mysore, 12:02:10, 14:02:10, 
, 564, Spice, Japan, China, 12:00:00, 02:00:00, 
, 777, Dove, kolkatta, london, 16:00:00, 12:00:00, 
]
[main] INFO  admin  - Welcome to Davaskar Airlines...
[main] INFO  admin  - 
Menu
[main] INFO  admin  - Please Enter 1 to Admin
[main] INFO  admin  - Welcome to Davaskar Airlines...
[main] INFO  admin  - 
Menu
[main] INFO  admin  - Please Enter 1 to Admin
[main] INFO  admin  - Please Enter 1 to add flight details
[main] INFO  admin  - Please Enter 2 to add ticket details
[main] INFO  admin  - Please Enter 3 to update ticket price
[main] INFO  admin  - Please Enter 4 to show all flights info
[main] INFO  admin  - Please enter flight details

[main] INFO  admin  - Flight ID: 
[main] INFO  admin  - Flight Name: 
[main] INFO  admin  - Source: 
[main] INFO  admin  - Destination: 
[main] INFO  admin  - Arrival Time
[main] INFO  admin  - Departure Time
[main] INFO  admin  - oops.. check back with details
[main] INFO  admin  - Welcome to Davaskar Airlines...
[main] INFO  admin  - 
Menu
[main] INFO  admin  - Please Enter 1 to Admin
[main] INFO  admin  - Please Enter 1 to add flight details
[main] INFO  admin  - Please Enter 2 to add ticket details
[main] INFO  admin  - Please Enter 3 to update ticket price
[main] INFO  admin  - Please Enter 4 to show all flights info
[main] INFO  admin  - Please enter flight details

[main] INFO  admin  - Flight ID: 
[main] INFO  admin  - Flight Name: 
[main] INFO  admin  - Source: 
[main] INFO  admin  - Destination: 
[main] INFO  admin  - Arrival Time
[main] INFO  admin  - Departure Time
[main] INFO  admin  - oops.. check back with details
[main] INFO  admin  - Welcome to Davaskar Airlines...
[main] INFO  admin  - 
Menu
[main] INFO  admin  - Please Enter 1 to Admin
[main] INFO  admin  - Please Enter 1 to add flight details
[main] INFO  admin  - Please Enter 2 to add ticket details
[main] INFO  admin  - Please Enter 3 to update ticket price
[main] INFO  admin  - Please Enter 4 to show all flights info
[main] INFO  admin  - Please enter flight details

[main] INFO  admin  - Flight ID: 
[main] INFO  admin  - Flight Name: 
[main] INFO  admin  - Source: 
[main] INFO  admin  - Destination: 
[main] INFO  admin  - Arrival Time
[main] INFO  admin  - Departure Time
[main] INFO  admin  - oops.. check back with details
[main] INFO  admin  - Welcome to Davaskar Airlines...
[main] INFO  admin  - 
Menu
[main] INFO  admin  - Please Enter 1 to Admin
[main] INFO  admin  - Please Enter 1 to add flight details
[main] INFO  admin  - Please Enter 2 to add ticket details
[main] INFO  admin  - Please Enter 3 to update ticket price
[main] INFO  admin  - Please Enter 4 to show all flights info
[main] INFO  admin  - Please enter flight details

[main] INFO  admin  - Flight ID: 
[main] INFO  admin  - Flight Name: 
[main] INFO  admin  - Source: 
[main] INFO  admin  - Destination: 
[main] INFO  admin  - Arrival Time
[main] INFO  admin  - Departure Time
[main] INFO  admin  - Flight successfully added
[main] INFO  admin  - Welcome to Davaskar Airlines...
[main] INFO  admin  - 
Menu
[main] INFO  admin  - Please Enter 1 to Admin
[main] INFO  admin  - Please Enter 1 to add flight details
[main] INFO  admin  - Please Enter 2 to add ticket details
[main] INFO  admin  - Please Enter 3 to update ticket price
[main] INFO  admin  - Please Enter 4 to show all flights info
[main] INFO  admin  - Please enter flight details

[main] INFO  admin  - Flight ID: 
[main] INFO  admin  - Welcome to Davaskar Airlines...
[main] INFO  admin  - 
Menu
[main] INFO  admin  - Please Enter 1 to Admin
[main] INFO  admin  - Please Enter 1 to add flight details
[main] INFO  admin  - Please Enter 2 to add ticket details
[main] INFO  admin  - Please Enter 3 to update ticket price
[main] INFO  admin  - Please Enter 4 to show all flights info
[main] INFO  admin  - Flight details

[main] INFO  admin  - Welcome to Davaskar Airlines...
[main] INFO  admin  - 
Menu
[main] INFO  admin  - Please Enter 1 to Admin
[main] INFO  admin  - Please Enter 1 to add flight details
[main] INFO  admin  - Please Enter 2 to add ticket details
[main] INFO  admin  - Please Enter 3 to update ticket price
[main] INFO  admin  - Please Enter 4 to show all flights info
[main] INFO  admin  - Flight details

[main] INFO  admin  - 		44	Hutch	jsp	qsp	10:30:00	12:00:00	
	111	Airline	Bengaluru	delhi	12:09:09	10:00:00	
	222	Indian Airlines	London	New York	12:09:09	02:10:05	
	333	Davaskar	Mumbai	Pune	12:05:00	01:15:00	
	555	Kingfisher	bengaluru	mysore	12:02:10	14:02:10	
	564	Spice	Japan	China	12:00:00	02:00:00	
	777	Dove	kolkatta	london	16:00:00	12:00:00	
	
[main] INFO  admin  - Welcome to Davaskar Airlines...
[main] INFO  admin  - 
Menu
[main] INFO  admin  - Please Enter 1 to Admin
[main] INFO  admin  - Welcome to Davaskar Airlines...
[main] INFO  admin  - 
Menu
[main] INFO  admin  - Please Enter 1 to Admin
[main] INFO  admin  - Please Enter 1 to add flight details
[main] INFO  admin  - Please Enter 2 to add ticket details
[main] INFO  admin  - Please Enter 3 to update ticket price
[main] INFO  admin  - Please Enter 4 to show all flights info
[main] INFO  admin  - Flight details

[main] INFO  admin  - 		44	Hutch	jsp	qsp	10:30:00	12:00:00	
	111	Airline	Bengaluru	delhi	12:09:09	10:00:00	
	222	Indian Airlines	London	New York	12:09:09	02:10:05	
	333	Davaskar	Mumbai	Pune	12:05:00	01:15:00	
	555	Kingfisher	bengaluru	mysore	12:02:10	14:02:10	
	564	Spice	Japan	China	12:00:00	02:00:00	
	777	Dove	kolkatta	london	16:00:00	12:00:00	
	
[main] INFO  admin  - Welcome to KingFisher Airlines...
[main] INFO  admin  - 
Menu
[main] INFO  admin  - Please Enter 1 to SignIn
[main] INFO  admin  - Please Enter 2 to SignUp
[main] INFO  admin  - Please Enter 3 to Check Flights
[main] INFO  admin  - Please Enter 4 to Contact us
[main] INFO  admin  - Enter 1 to User Login
[main] INFO  admin  - Enter 2 to Admin Login
[main] INFO  admin  - Enter 3 to Home
[main] INFO  admin  - customer_name
[main] INFO  admin  - ==================================
[main] INFO  admin  - Welcome to KingFisher Airlines...
[main] INFO  admin  - ==================================
[main] INFO  admin  - 
--------------Menu---------------

[main] INFO  admin  - Please Enter 1 to SignIn
[main] INFO  admin  - Please Enter 2 to SignUp
[main] INFO  admin  - Please Enter 3 to Check Flights
[main] INFO  admin  - Please Enter 4 to Contact us
[main] INFO  admin  - 
Login

[main] INFO  admin  - Enter 1 to User Login
[main] INFO  admin  - Enter 2 to Admin Login
[main] INFO  admin  - Enter 3 to Home
[main] INFO  admin  - Please Enter valid option
[main] INFO  admin  - ==================================
[main] INFO  admin  - Welcome to KingFisher Airlines...
[main] INFO  admin  - ==================================
[main] INFO  admin  - 
--------------Menu---------------

[main] INFO  admin  - Please Enter 1 to SignIn
[main] INFO  admin  - Please Enter 2 to SignUp
[main] INFO  admin  - Please Enter 3 to Check Flights
[main] INFO  admin  - Please Enter 4 to Contact us
[main] INFO  admin  - ==================================
[main] INFO  admin  - Welcome to KingFisher Airlines...
[main] INFO  admin  - ==================================
[main] INFO  admin  - 
--------------Menu---------------

[main] INFO  admin  - Please Enter 1 to SignIn
[main] INFO  admin  - Please Enter 2 to SignUp
[main] INFO  admin  - Please Enter 3 to Check Flights
[main] INFO  admin  - Please Enter 4 to Contact us
[main] INFO  admin  - Contact US:
[main] INFO  admin  - Samruddhi
Vinay
Ketki
Rahul
[main] INFO  admin  - Address: QSpiders Basavanagudi
[main] INFO  admin  - ==================================
[main] INFO  admin  - Welcome to KingFisher Airlines...
[main] INFO  admin  - ==================================
[main] INFO  admin  - 
--------------Menu---------------

[main] INFO  admin  - Please Enter 1 to SignIn
[main] INFO  admin  - Please Enter 2 to SignUp
[main] INFO  admin  - Please Enter 3 to Check Flights
[main] INFO  admin  - Please Enter 4 to Contact us
[main] INFO  admin  - 
----------Login----------

[main] INFO  admin  - Enter 1 to User Registration
[main] INFO  admin  - Enter 2 to Admin Registration
[main] INFO  admin  - Enter 3 to Home
[main] INFO  customer  - customerId
[main] INFO  admin  - ==================================
[main] INFO  admin  - Welcome to KingFisher Airlines...
[main] INFO  admin  - ==================================
[main] INFO  admin  - 
--------------Menu---------------

[main] INFO  admin  - Please Enter 1 to SignIn
[main] INFO  admin  - Please Enter 2 to SignUp
[main] INFO  admin  - Please Enter 3 to Check Flights
[main] INFO  admin  - Please Enter 4 to Contact us
[main] INFO  admin  - 
----------Login----------

[main] INFO  admin  - Enter 1 to User Registration
[main] INFO  admin  - Enter 2 to Admin Registration
[main] INFO  admin  - Enter 3 to Home
[main] INFO  admin  - admin_id
[main] INFO  admin  - ==================================
[main] INFO  admin  - Welcome to KingFisher Airlines...
[main] INFO  admin  - ==================================
[main] INFO  admin  - 
--------------Menu---------------

[main] INFO  admin  - Please Enter 1 to SignIn
[main] INFO  admin  - Please Enter 2 to SignUp
[main] INFO  admin  - Please Enter 3 to Check Flights
[main] INFO  admin  - Please Enter 4 to Contact us
[main] INFO  admin  - ==================================
[main] INFO  admin  - Welcome to KingFisher Airlines...
[main] INFO  admin  - ==================================
[main] INFO  admin  - 
--------------Menu---------------

[main] INFO  admin  - Please Enter 1 to SignIn
[main] INFO  admin  - Please Enter 2 to SignUp
[main] INFO  admin  - Please Enter 3 to Check Flights
[main] INFO  admin  - Please Enter 4 to Contact us
[main] INFO  admin  - Please Enter valid option
[main] INFO  admin  - ==================================
[main] INFO  admin  - Welcome to KingFisher Airlines...
[main] INFO  admin  - ==================================
[main] INFO  admin  - 
--------------Menu---------------

[main] INFO  admin  - Please Enter 1 to SignIn
[main] INFO  admin  - Please Enter 2 to SignUp
[main] INFO  admin  - Please Enter 3 to Check Flights
[main] INFO  admin  - Please Enter 4 to Contact us
[main] INFO  admin  - 

==================================
[main] INFO  admin  - Welcome to KingFisher Airlines...
[main] INFO  admin  - ==================================
[main] INFO  admin  - 
--------------Menu---------------

[main] INFO  admin  - Please Enter 1 to SignIn
[main] INFO  admin  - Please Enter 2 to SignUp
[main] INFO  admin  - Please Enter 3 to Check Flights
[main] INFO  admin  - Please Enter 4 to Contact us
[main] INFO  admin  - 
----------Login----------

[main] INFO  admin  - Enter 1 to User Login
[main] INFO  admin  - Enter 2 to Admin Login
[main] INFO  admin  - Enter 3 to Home
[main] INFO  admin  - 
===========User Login===========

[main] INFO  admin  - 
Please Enter Login Credentials

[main] INFO  admin  - customer_name
[main] INFO  admin  - 

==================================
[main] INFO  admin  - Welcome to KingFisher Airlines...
[main] INFO  admin  - ==================================
[main] INFO  admin  - 
--------------Menu---------------

[main] INFO  admin  - Please Enter 1 to SignIn
[main] INFO  admin  - Please Enter 2 to SignUp
[main] INFO  admin  - Please Enter 3 to Check Flights
[main] INFO  admin  - Please Enter 4 to Contact us
[main] INFO  admin  - 
----------Login----------

[main] INFO  admin  - Enter 1 to User Login
[main] INFO  admin  - Enter 2 to Admin Login
[main] INFO  admin  - Enter 3 to Home
[main] INFO  admin  - admin_name
[main] INFO  admin  - 

==================================
[main] INFO  admin  - Welcome to KingFisher Airlines...
[main] INFO  admin  - ==================================
[main] INFO  admin  - 
--------------Menu---------------

[main] INFO  admin  - Please Enter 1 to SignIn
[main] INFO  admin  - Please Enter 2 to SignUp
[main] INFO  admin  - Please Enter 3 to Check Flights
[main] INFO  admin  - Please Enter 4 to Contact us
[main] INFO  admin  - 
----------Login----------

[main] INFO  admin  - Enter 1 to User Login
[main] INFO  admin  - Enter 2 to Admin Login
[main] INFO  admin  - Enter 3 to Home
[main] INFO  admin  - 
===========User Login===========

[main] INFO  admin  - 
Please Enter Login Credentials

[main] INFO  admin  - customer_name
[main] INFO  admin  - 

==================================
[main] INFO  admin  - Welcome to KingFisher Airlines...
[main] INFO  admin  - ==================================
[main] INFO  admin  - 
--------------Menu---------------

[main] INFO  admin  - Please Enter 1 to SignIn
[main] INFO  admin  - Please Enter 2 to SignUp
[main] INFO  admin  - Please Enter 3 to Check Flights
[main] INFO  admin  - Please Enter 4 to Contact us
[main] INFO  admin  - 
----------Login----------

[main] INFO  admin  - Enter 1 to User Login
[main] INFO  admin  - Enter 2 to Admin Login
[main] INFO  admin  - Enter 3 to Home
[main] INFO  admin  - 
==========Admin Login=========
[main] INFO  admin  - 
Please Enter Login Credentials

[main] INFO  admin  - admin_name
[main] INFO  admin  - 

==================================
[main] INFO  admin  - Welcome to KingFisher Airlines...
[main] INFO  admin  - ==================================
[main] INFO  admin  - 
--------------Menu---------------

[main] INFO  admin  - Please Enter 1 to SignIn
[main] INFO  admin  - Please Enter 2 to SignUp
[main] INFO  admin  - Please Enter 3 to Check Flights
[main] INFO  admin  - Please Enter 4 to Contact us
[main] INFO  admin  - 
----------Login----------

[main] INFO  admin  - Enter 1 to User Login
[main] INFO  admin  - Enter 2 to Admin Login
[main] INFO  admin  - Enter 3 to Home
[main] INFO  admin  - 
===========User Login===========

[main] INFO  admin  - 
Please Enter Login Credentials

[main] INFO  admin  - customer_name
[main] INFO  admin  - password
[main] INFO  customer  - [rahul, $2a$10$6wo4/4ZtQq30eefHMo/1ju9lW0b0Is0/6b54APtczZ9S.YYJnPNsy]
[main] INFO  customer  - rahul
[main] INFO  customer  - $2a$10$6wo4/4ZtQq30eefHMo/1ju9lW0b0Is0/6b54APtczZ9S.YYJnPNsy
[main] INFO  admin  - Registration successfull
[main] INFO  admin  - 
----------Login----------

[main] INFO  admin  - Enter 1 to User Registration
[main] INFO  admin  - Enter 2 to Admin Registration
[main] INFO  admin  - Enter 3 to Home
[main] INFO  admin  - Please Enter 1 to add flight details
[main] INFO  admin  - Please Enter 2 to add ticket details
[main] INFO  admin  - Please Enter 3 to update ticket price
[main] INFO  admin  - Please Enter 4 to show all flights info
[main] INFO  admin  - 

==================================
[main] INFO  admin  - Welcome to KingFisher Airlines...
[main] INFO  admin  - ==================================
[main] INFO  admin  - 
--------------Menu---------------

[main] INFO  admin  - Please Enter 1 to SignIn
[main] INFO  admin  - Please Enter 2 to SignUp
[main] INFO  admin  - Please Enter 3 to Check Flights
[main] INFO  admin  - Please Enter 4 to Contact us
[main] INFO  admin  - 

==================================
[main] INFO  admin  - Welcome to KingFisher Airlines...
[main] INFO  admin  - ==================================
[main] INFO  admin  - 
--------------Menu---------------

[main] INFO  admin  - Please Enter 1 to SignIn
[main] INFO  admin  - Please Enter 2 to SignUp
[main] INFO  admin  - Please Enter 3 to Check Flights
[main] INFO  admin  - Please Enter 4 to Contact us
[main] INFO  admin  - 

==================================
[main] INFO  admin  - Welcome to KingFisher Airlines...
[main] INFO  admin  - ==================================
[main] INFO  admin  - 
--------------Menu---------------

[main] INFO  admin  - Please Enter 1 to SignIn
[main] INFO  admin  - Please Enter 2 to SignUp
[main] INFO  admin  - Please Enter 3 to Check Flights
[main] INFO  admin  - Please Enter 4 to Contact us
[main] INFO  admin  - 
----------Login----------

[main] INFO  admin  - Enter 1 to User Login
[main] INFO  admin  - Enter 2 to Admin Login
[main] INFO  admin  - Enter 3 to Home
[main] INFO  admin  - 
==========Admin Login=========
[main] INFO  admin  - 
Please Enter Login Credentials

[main] INFO  admin  - User Name
[main] INFO  admin  - Password
[main] INFO  admin  - Login success
[main] INFO  admin  - Please Enter 1 to add flight details
[main] INFO  admin  - Please Enter 2 to add ticket details
[main] INFO  admin  - Please Enter 3 to update ticket price
[main] INFO  admin  - Please Enter 4 to show all flights info
[main] INFO  admin  - 

==================================
[main] INFO  admin  - Welcome to KingFisher Airlines...
[main] INFO  admin  - ==================================
[main] INFO  admin  - 
--------------Menu---------------

[main] INFO  admin  - Please Enter 1 to SignIn
[main] INFO  admin  - Please Enter 2 to SignUp
[main] INFO  admin  - Please Enter 3 to Check Flights
[main] INFO  admin  - Please Enter 4 to Contact us
[main] INFO  admin  - 
----------Login----------

[main] INFO  admin  - Enter 1 to User Login
[main] INFO  admin  - Enter 2 to Admin Login
[main] INFO  admin  - Enter 3 to Home
[main] INFO  admin  - 
==========Admin Login=========
[main] INFO  admin  - 
Please Enter Login Credentials

[main] INFO  admin  - User Name
[main] INFO  admin  - Password
[main] INFO  admin  - 

==================================
[main] INFO  admin  - Welcome to KingFisher Airlines...
[main] INFO  admin  - ==================================
[main] INFO  admin  - 
--------------Menu---------------

[main] INFO  admin  - Please Enter 1 to SignIn
[main] INFO  admin  - Please Enter 2 to SignUp
[main] INFO  admin  - Please Enter 3 to Check Flights
[main] INFO  admin  - Please Enter 4 to Contact us
[main] INFO  admin  - 
----------Login----------

[main] INFO  admin  - Enter 1 to User Login
[main] INFO  admin  - Enter 2 to Admin Login
[main] INFO  admin  - Enter 3 to Home
[main] INFO  admin  - 
==========Admin Login=========
[main] INFO  admin  - 
Please Enter Login Credentials

[main] INFO  admin  - User Name
[main] INFO  admin  - Password
[main] INFO  admin  - 

==================================
[main] INFO  admin  - Welcome to KingFisher Airlines...
[main] INFO  admin  - ==================================
[main] INFO  admin  - 
--------------Menu---------------

[main] INFO  admin  - Please Enter 1 to SignIn
[main] INFO  admin  - Please Enter 2 to SignUp
[main] INFO  admin  - Please Enter 3 to Check Flights
[main] INFO  admin  - Please Enter 4 to Contact us
[main] INFO  admin  - 

==================================
[main] INFO  admin  - Welcome to KingFisher Airlines...
[main] INFO  admin  - ==================================
[main] INFO  admin  - 
--------------Menu---------------

[main] INFO  admin  - Please Enter 1 to SignIn
[main] INFO  admin  - Please Enter 2 to SignUp
[main] INFO  admin  - Please Enter 3 to Check Flights
[main] INFO  admin  - Please Enter 4 to Contact us
[main] INFO  admin  - 
----------Login----------

[main] INFO  admin  - Enter 1 to User Login
[main] INFO  admin  - Enter 2 to Admin Login
[main] INFO  admin  - Enter 3 to Home
[main] INFO  admin  - 
==========Admin Login=========
[main] INFO  admin  - 
Please Enter Login Credentials

[main] INFO  admin  - User Name
[main] INFO  admin  - Password
[main] INFO  admin  - Login failed
[main] INFO  admin  - 
----------Registration----------

[main] INFO  admin  - Enter 1 to User Registration
[main] INFO  admin  - Enter 2 to Admin Registration
[main] INFO  admin  - Enter 3 to Home
[main] INFO  admin  - 

==================================
[main] INFO  admin  - Welcome to KingFisher Airlines...
[main] INFO  admin  - ==================================
[main] INFO  admin  - 
--------------Menu---------------

[main] INFO  admin  - Please Enter 1 to SignIn
[main] INFO  admin  - Please Enter 2 to SignUp
[main] INFO  admin  - Please Enter 3 to Check Flights
[main] INFO  admin  - Please Enter 4 to Contact us
[main] INFO  admin  - 
----------Login----------

[main] INFO  admin  - Enter 1 to User Login
[main] INFO  admin  - Enter 2 to Admin Login
[main] INFO  admin  - Enter 3 to Home
[main] INFO  admin  - 
==========Admin Login=========
[main] INFO  admin  - 
Please Enter Login Credentials

[main] INFO  admin  - User Name
[main] INFO  admin  - Password
[main] INFO  admin  - Login failed
[main] INFO  admin  - 
----------Registration----------

[main] INFO  admin  - Enter 1 to User Registration
[main] INFO  admin  - Enter 2 to Admin Registration
[main] INFO  admin  - Enter 3 to Home
[main] INFO  admin  - 

==================================
[main] INFO  admin  - Welcome to KingFisher Airlines...
[main] INFO  admin  - ==================================
[main] INFO  admin  - 
--------------Menu---------------

[main] INFO  admin  - Please Enter 1 to SignIn
[main] INFO  admin  - Please Enter 2 to SignUp
[main] INFO  admin  - Please Enter 3 to Check Flights
[main] INFO  admin  - Please Enter 4 to Contact us
[main] INFO  admin  - 
----------Login----------

[main] INFO  admin  - Enter 1 to User Login
[main] INFO  admin  - Enter 2 to Admin Login
[main] INFO  admin  - Enter 3 to Home
[main] INFO  admin  - 
==========Admin Login=========
[main] INFO  admin  - 
Please Enter Login Credentials

[main] INFO  admin  - User Name
[main] INFO  admin  - Password
[main] INFO  admin  - Login failed
[main] INFO  admin  - 
----------Registration----------

[main] INFO  admin  - Enter 1 to User Registration
[main] INFO  admin  - Enter 2 to Admin Registration
[main] INFO  admin  - Enter 3 to Home
[main] INFO  admin  - 

==================================
[main] INFO  admin  - Welcome to KingFisher Airlines...
[main] INFO  admin  - ==================================
[main] INFO  admin  - 
--------------Menu---------------

[main] INFO  admin  - Please Enter 1 to SignIn
[main] INFO  admin  - Please Enter 2 to SignUp
[main] INFO  admin  - Please Enter 3 to Check Flights
[main] INFO  admin  - Please Enter 4 to Contact us
[main] INFO  admin  - 
----------Login----------

[main] INFO  admin  - Enter 1 to User Login
[main] INFO  admin  - Enter 2 to Admin Login
[main] INFO  admin  - Enter 3 to Home
[main] INFO  admin  - 
----------Registration----------

[main] INFO  admin  - Enter 1 to User Registration
[main] INFO  admin  - Enter 2 to Admin Registration
[main] INFO  admin  - Enter 3 to Home
[main] INFO  admin  - Admin ID: 
[main] INFO  admin  - Admin Name: 
[main] INFO  admin  - Password: 
[main] INFO  admin  - Email: 
[main] INFO  admin  - Phone Number: 
[main] INFO  admin  - Contact US:
[main] INFO  admin  - Samruddhi
Vinay
Ketki
Rahul
[main] INFO  admin  - Address: QSpiders Basavanagudi
[main] INFO  admin  - 

==================================
[main] INFO  admin  - Welcome to KingFisher Airlines...
[main] INFO  admin  - ==================================
[main] INFO  admin  - 
--------------Menu---------------

[main] INFO  admin  - Please Enter 1 to SignIn
[main] INFO  admin  - Please Enter 2 to SignUp
[main] INFO  admin  - Please Enter 3 to Check Flights
[main] INFO  admin  - Please Enter 4 to Contact us
[main] INFO  admin  - 
----------Login----------

[main] INFO  admin  - Enter 1 to User Login
[main] INFO  admin  - Enter 2 to Admin Login
[main] INFO  admin  - Enter 3 to Home
[main] INFO  admin  - 
==========Admin Login=========
[main] INFO  admin  - 
Please Enter Login Credentials

[main] INFO  admin  - User Name
[main] INFO  admin  - Password
[main] INFO  admin  - Login success
[main] INFO  admin  - Please Enter 1 to add flight details
[main] INFO  admin  - Please Enter 2 to add ticket details
[main] INFO  admin  - Please Enter 3 to update ticket price
[main] INFO  admin  - Please Enter 4 to show all flights info
[main] INFO  admin  - 

==================================
[main] INFO  admin  - Welcome to KingFisher Airlines...
[main] INFO  admin  - ==================================
[main] INFO  admin  - 
--------------Menu---------------

[main] INFO  admin  - Please Enter 1 to SignIn
[main] INFO  admin  - Please Enter 2 to SignUp
[main] INFO  admin  - Please Enter 3 to Check Flights
[main] INFO  admin  - Please Enter 4 to Contact us
[main] INFO  admin  - 
----------Login----------

[main] INFO  admin  - Enter 1 to User Login
[main] INFO  admin  - Enter 2 to Admin Login
[main] INFO  admin  - Enter 3 to Home
[main] INFO  admin  - Please Enter valid option
[main] INFO  admin  - 
----------Registration----------

[main] INFO  admin  - Enter 1 to User Registration
[main] INFO  admin  - Enter 2 to Admin Registration
[main] INFO  admin  - Enter 3 to Home
[main] INFO  admin  - 

==================================
[main] INFO  admin  - Welcome to KingFisher Airlines...
[main] INFO  admin  - ==================================
[main] INFO  admin  - 
--------------Menu---------------

[main] INFO  admin  - Please Enter 1 to SignIn
[main] INFO  admin  - Please Enter 2 to SignUp
[main] INFO  admin  - Please Enter 3 to Check Flights
[main] INFO  admin  - Please Enter 4 to Contact us
[main] INFO  admin  - 
----------Login----------

[main] INFO  admin  - Enter 1 to User Login
[main] INFO  admin  - Enter 2 to Admin Login
[main] INFO  admin  - Enter 3 to Home
[main] INFO  admin  - 
==========Admin Login=========
[main] INFO  admin  - 
Please Enter Login Credentials

[main] INFO  admin  - User Name
[main] INFO  admin  - Password
[main] INFO  admin  - Login failed
[main] INFO  admin  - 
==========Admin Login=========
[main] INFO  admin  - 
Please Enter Login Credentials

[main] INFO  admin  - User Name
[main] INFO  admin  - 

==================================
[main] INFO  admin  - Welcome to KingFisher Airlines...
[main] INFO  admin  - ==================================
[main] INFO  admin  - 
--------------Menu---------------

[main] INFO  admin  - Please Enter 1 to SignIn
[main] INFO  admin  - Please Enter 2 to SignUp
[main] INFO  admin  - Please Enter 3 to Check Flights
[main] INFO  admin  - Please Enter 4 to Contact us
[main] INFO  admin  - 
----------Login----------

[main] INFO  admin  - Enter 1 to User Login
[main] INFO  admin  - Enter 2 to Admin Login
[main] INFO  admin  - Enter 3 to Home
[main] INFO  admin  - 
==========Admin Login=========
[main] INFO  admin  - 
Please Enter Login Credentials

[main] INFO  admin  - User Name
[main] INFO  admin  - Password
[main] INFO  admin  - Login failed
[main] INFO  admin  - Enter to Login again
[main] INFO  admin  - Enter 2 to Home
[main] INFO  admin  - 
==========Admin Login=========
[main] INFO  admin  - 
Please Enter Login Credentials

[main] INFO  admin  - User Name
[main] INFO  admin  - Password
[main] INFO  admin  - Login failed
[main] INFO  admin  - Enter to Login again
[main] INFO  admin  - Enter 2 to Home
[main] INFO  admin  - 
----------Registration----------

[main] INFO  admin  - Enter 1 to User Registration
[main] INFO  admin  - Enter 2 to Admin Registration
[main] INFO  admin  - Enter 3 to Home
[main] INFO  admin  - Contact US:
[main] INFO  admin  - Samruddhi
Vinay
Ketki
Rahul
[main] INFO  admin  - Address: QSpiders Basavanagudi
[main] INFO  admin  - 

==================================
[main] INFO  admin  - Welcome to KingFisher Airlines...
[main] INFO  admin  - ==================================
[main] INFO  admin  - 
--------------Menu---------------

[main] INFO  admin  - Please Enter 1 to SignIn
[main] INFO  admin  - Please Enter 2 to SignUp
[main] INFO  admin  - Please Enter 3 to Check Flights
[main] INFO  admin  - Please Enter 4 to Contact us
[main] INFO  admin  - 
----------Login----------

[main] INFO  admin  - Enter 1 to User Login
[main] INFO  admin  - Enter 2 to Admin Login
[main] INFO  admin  - Enter 3 to Home
[main] INFO  admin  - 
===========User Login===========

[main] INFO  admin  - 
Please Enter Login Credentials

[main] INFO  admin  - Customer Name
[main] INFO  admin  - Password
[main] INFO  customer  - [rahul, $2a$10$6wo4/4ZtQq30eefHMo/1ju9lW0b0Is0/6b54APtczZ9S.YYJnPNsy]
[main] INFO  customer  - rahul
[main] INFO  customer  - $2a$10$6wo4/4ZtQq30eefHMo/1ju9lW0b0Is0/6b54APtczZ9S.YYJnPNsy
[main] INFO  admin  - Login failed
[main] INFO  admin  - Enter 1 Login again
[main] INFO  admin  - Enter 2 to Home
[main] INFO  admin  - 
----------Registration----------

[main] INFO  admin  - Enter 1 to User Registration
[main] INFO  admin  - Enter 2 to Admin Registration
[main] INFO  admin  - Enter 3 to Home
[main] INFO  admin  - 

==================================
[main] INFO  admin  - Welcome to KingFisher Airlines...
[main] INFO  admin  - ==================================
[main] INFO  admin  - 
--------------Menu---------------

[main] INFO  admin  - Please Enter 1 to SignIn
[main] INFO  admin  - Please Enter 2 to SignUp
[main] INFO  admin  - Please Enter 3 to Check Flights
[main] INFO  admin  - Please Enter 4 to Contact us
[main] INFO  admin  - 
----------Login----------

[main] INFO  admin  - Enter 1 to User Login
[main] INFO  admin  - Enter 2 to Admin Login
[main] INFO  admin  - Enter 3 to Home
[main] INFO  admin  - 
===========User Login===========

[main] INFO  admin  - 
Please Enter Login Credentials

[main] INFO  admin  - Customer Name
[main] INFO  admin  - Password
[main] INFO  admin  - Login success
[main] INFO  user  - **********************************************
[main] INFO  user  - Welcome to Airline Reservation System...
[main] INFO  user  - **********************************************
[main] INFO  user  - Please Enter your choice
[main] INFO  user  - please Enter 1 to get Customer Details
[main] INFO  user  - please Enter 2 to get Schedule Details
[main] INFO  user  - please Enter 3 to get Journey Deatails
[main] INFO  user  - please Enter 4 to return home
[main] INFO  admin  - 

==================================
[main] INFO  admin  - Welcome to KingFisher Airlines...
[main] INFO  admin  - ==================================
[main] INFO  admin  - 
--------------Menu---------------

[main] INFO  admin  - Please Enter 1 to SignIn
[main] INFO  admin  - Please Enter 2 to SignUp
[main] INFO  admin  - Please Enter 3 to Check Flights
[main] INFO  admin  - Please Enter 4 to Contact us
[main] INFO  admin  - 

==================================
[main] INFO  admin  - Welcome to KingFisher Airlines...
[main] INFO  admin  - ==================================
[main] INFO  admin  - 
--------------Menu---------------

[main] INFO  admin  - Please Enter 1 to SignIn
[main] INFO  admin  - Please Enter 2 to SignUp
[main] INFO  admin  - Please Enter 3 to Check Flights
[main] INFO  admin  - Please Enter 4 to Contact us
[main] INFO  admin  - 
----------Login----------

[main] INFO  admin  - Enter 1 to User Login
[main] INFO  admin  - Enter 2 to Admin Login
[main] INFO  admin  - Enter 3 to Home
[main] INFO  admin  - 
===========User Login===========

[main] INFO  admin  - 
Please Enter Login Credentials

[main] INFO  admin  - Customer Name
[main] INFO  admin  - Password
[main] INFO  admin  - Login success
[main] INFO  user  - **********************************************
[main] INFO  user  - Welcome to Airline Reservation System...
[main] INFO  user  - **********************************************
[main] INFO  user  - haiii    rahul
[main] INFO  user  - Please Enter your choice
[main] INFO  user  - please Enter 1 to get Customer Details
[main] INFO  user  - please Enter 2 to get Schedule Details
[main] INFO  user  - please Enter 3 to get Journey Deatails
[main] INFO  user  - please Enter 4 to return home
[main] INFO  admin  - 

==================================
[main] INFO  admin  - Welcome to KingFisher Airlines...
[main] INFO  admin  - ==================================
[main] INFO  admin  - 
--------------Menu---------------

[main] INFO  admin  - Please Enter 1 to SignIn
[main] INFO  admin  - Please Enter 2 to SignUp
[main] INFO  admin  - Please Enter 3 to Check Flights
[main] INFO  admin  - Please Enter 4 to Contact us
[main] INFO  admin  - 
----------Login----------

[main] INFO  admin  - Enter 1 to User Login
[main] INFO  admin  - Enter 2 to Admin Login
[main] INFO  admin  - Enter 3 to Home
[main] INFO  admin  - 
===========User Login===========

[main] INFO  admin  - 
Please Enter Login Credentials

[main] INFO  admin  - Customer Name
[main] INFO  admin  - Password
[main] INFO  admin  - Login failed
[main] INFO  admin  - Enter 1 Login again
[main] INFO  admin  - Enter 2 to Home
[main] INFO  admin  - 
===========User Login===========

[main] INFO  admin  - 
Please Enter Login Credentials

[main] INFO  admin  - Customer Name
[main] INFO  admin  - Password
[main] INFO  admin  - Login failed
[main] INFO  admin  - Enter 1 Login again
[main] INFO  admin  - Enter 2 to Home
[main] INFO  admin  - 
----------Registration----------

[main] INFO  admin  - Enter 1 to User Registration
[main] INFO  admin  - Enter 2 to Admin Registration
[main] INFO  admin  - Enter 3 to Home
[main] INFO  admin  - 

==================================
[main] INFO  admin  - Welcome to KingFisher Airlines...
[main] INFO  admin  - ==================================
[main] INFO  admin  - 
--------------Menu---------------

[main] INFO  admin  - Please Enter 1 to SignIn
[main] INFO  admin  - Please Enter 2 to SignUp
[main] INFO  admin  - Please Enter 3 to Check Flights
[main] INFO  admin  - Please Enter 4 to Contact us
[main] INFO  admin  - 
----------Login----------

[main] INFO  admin  - Enter 1 to User Login
[main] INFO  admin  - Enter 2 to Admin Login
[main] INFO  admin  - Enter 3 to Home
[main] INFO  admin  - 
===========User Login===========

[main] INFO  admin  - 
Please Enter Login Credentials

[main] INFO  admin  - Customer Name
[main] INFO  admin  - Password
[main] INFO  admin  - Login failed
[main] INFO  admin  - Enter 1 Login again
[main] INFO  admin  - Enter 2 to Home
[main] INFO  admin  - 
----------Registration----------

[main] INFO  admin  - Enter 1 to User Registration
[main] INFO  admin  - Enter 2 to Admin Registration
[main] INFO  admin  - Enter 3 to Home
[main] INFO  admin  - 

==================================
[main] INFO  admin  - Welcome to KingFisher Airlines...
[main] INFO  admin  - ==================================
[main] INFO  admin  - 
--------------Menu---------------

[main] INFO  admin  - Please Enter 1 to SignIn
[main] INFO  admin  - Please Enter 2 to SignUp
[main] INFO  admin  - Please Enter 3 to Check Flights
[main] INFO  admin  - Please Enter 4 to Contact us
[main] INFO  admin  - 
----------Login----------

[main] INFO  admin  - Enter 1 to User Login
[main] INFO  admin  - Enter 2 to Admin Login
[main] INFO  admin  - Enter 3 to Home
[main] INFO  admin  - 
===========User Login===========

[main] INFO  admin  - 
Please Enter Login Credentials

[main] INFO  admin  - Customer Name
[main] INFO  admin  - Password
[main] INFO  admin  - Login failed
[main] INFO  admin  - Enter 1 Login again
[main] INFO  admin  - Enter 2 to Home
[main] INFO  admin  - 
----------Registration----------

[main] INFO  admin  - Enter 1 to User Registration
[main] INFO  admin  - Enter 2 to Admin Registration
[main] INFO  admin  - Enter 3 to Home
[main] INFO  admin  - 

==================================
[main] INFO  admin  - Welcome to KingFisher Airlines...
[main] INFO  admin  - ==================================
[main] INFO  admin  - 
--------------Menu---------------

[main] INFO  admin  - Please Enter 1 to SignIn
[main] INFO  admin  - Please Enter 2 to SignUp
[main] INFO  admin  - Please Enter 3 to Check Flights
[main] INFO  admin  - Please Enter 4 to Contact us
[main] INFO  admin  - 
----------Login----------

[main] INFO  admin  - Enter 1 to User Login
[main] INFO  admin  - Enter 2 to Admin Login
[main] INFO  admin  - Enter 3 to Home
[main] INFO  admin  - 
===========User Login===========

[main] INFO  admin  - 
Please Enter Login Credentials

[main] INFO  admin  - Customer Name
[main] INFO  admin  - Password
[main] INFO  admin  - Login failed
[main] INFO  admin  - Enter 1 Login again
[main] INFO  admin  - Enter 2 to Home
[main] INFO  admin  - 

==================================
[main] INFO  admin  - Welcome to KingFisher Airlines...
[main] INFO  admin  - ==================================
[main] INFO  admin  - 
--------------Menu---------------

[main] INFO  admin  - Please Enter 1 to SignIn
[main] INFO  admin  - Please Enter 2 to SignUp
[main] INFO  admin  - Please Enter 3 to Check Flights
[main] INFO  admin  - Please Enter 4 to Contact us
[main] INFO  admin  - 

==================================
[main] INFO  admin  - Welcome to KingFisher Airlines...
[main] INFO  admin  - ==================================
[main] INFO  admin  - 
--------------Menu---------------

[main] INFO  admin  - Please Enter 1 to SignIn
[main] INFO  admin  - Please Enter 2 to SignUp
[main] INFO  admin  - Please Enter 3 to Check Flights
[main] INFO  admin  - Please Enter 4 to Contact us
[main] INFO  admin  - 

==================================
[main] INFO  admin  - Welcome to KingFisher Airlines...
[main] INFO  admin  - ==================================
[main] INFO  admin  - 
--------------Menu---------------

[main] INFO  admin  - Please Enter 1 to SignIn
[main] INFO  admin  - Please Enter 2 to SignUp
[main] INFO  admin  - Please Enter 3 to Check Flights
[main] INFO  admin  - Please Enter 4 to Contact us
[main] INFO  admin  - 
----------Login----------

[main] INFO  admin  - Enter 1 to User Login
[main] INFO  admin  - Enter 2 to Admin Login
[main] INFO  admin  - Enter 3 to Home
[main] INFO  admin  - 
==========Admin Login=========
[main] INFO  admin  - 
Please Enter Login Credentials

[main] INFO  admin  - User Name
[main] INFO  admin  - Password
[main] INFO  admin  - Login success
[main] INFO  admin  - 
Welcome  vinay

[main] INFO  admin  - Please Enter 1 to add flight details
[main] INFO  admin  - Please Enter 2 to add ticket details
[main] INFO  admin  - Please Enter 3 to update ticket price
[main] INFO  admin  - Please Enter 4 to show all flights info
